2014/06/12 23:22:48 [error] [php] Object of class CJuiDatePicker could not be converted to string (C:\xampp\htdocs\aldy_toko_roti\protected\views\masterPegawai\_form.php:52)
Stack trace:
#0 C:\xampp\htdocs\yii\framework\web\CController.php(866): MasterPegawaiController->renderFile()
#1 C:\xampp\htdocs\aldy_toko_roti\protected\views\masterPegawai\create.php(15): MasterPegawaiController->renderPartial()
#2 C:\xampp\htdocs\yii\framework\web\CBaseController.php(119): require()
#3 C:\xampp\htdocs\yii\framework\web\CBaseController.php(88): MasterPegawaiController->renderInternal()
#4 C:\xampp\htdocs\yii\framework\web\CController.php(866): MasterPegawaiController->renderFile()
#5 C:\xampp\htdocs\yii\framework\web\CController.php(779): MasterPegawaiController->renderPartial()
#6 C:\xampp\htdocs\aldy_toko_roti\protected\controllers\MasterPegawaiController.php(78): MasterPegawaiController->render()
#7 C:\xampp\htdocs\yii\framework\web\actions\CInlineAction.php(50): MasterPegawaiController->actionCreate()
#8 C:\xampp\htdocs\yii\framework\web\CController.php(300): CInlineAction->runWithParams()
#9 C:\xampp\htdocs\yii\framework\web\filters\CFilterChain.php(134): MasterPegawaiController->runAction()
#10 C:\xampp\htdocs\yii\framework\web\filters\CFilter.php(41): CFilterChain->run()
#11 C:\xampp\htdocs\yii\framework\web\CController.php(1144): CAccessControlFilter->filter()
#12 C:\xampp\htdocs\yii\framework\web\filters\CInlineFilter.php(59): MasterPegawaiController->filterAccessControl()
#13 C:\xampp\htdocs\yii\framework\web\filters\CFilterChain.php(131): CInlineFilter->filter()
#14 C:\xampp\htdocs\yii\framework\web\CController.php(283): CFilterChain->run()
#15 C:\xampp\htdocs\yii\framework\web\CController.php(257): MasterPegawaiController->runActionWithFilters()
#16 C:\xampp\htdocs\yii\framework\web\CWebApplication.php(277): MasterPegawaiController->run()
#17 C:\xampp\htdocs\yii\framework\web\CWebApplication.php(136): CWebApplication->runController()
#18 C:\xampp\htdocs\yii\framework\base\CApplication.php(158): CWebApplication->processRequest()
#19 C:\xampp\htdocs\aldy_toko_roti\index.php(13): CWebApplication->run()
REQUEST_URI=/aldy_toko_roti/index.php?r=masterpegawai/create
in C:\xampp\htdocs\aldy_toko_roti\protected\views\masterPegawai\_form.php (52)
in C:\xampp\htdocs\aldy_toko_roti\protected\views\masterPegawai\create.php (15)
in C:\xampp\htdocs\aldy_toko_roti\protected\controllers\MasterPegawaiController.php (78)
2014/06/12 23:48:53 [error] [exception.CHttpException.404] exception 'CHttpException' with message 'The requested page does not exist.' in C:\xampp\htdocs\aldy_toko_roti\protected\controllers\MasterPenjualanController.php:160
Stack trace:
#0 C:\xampp\htdocs\aldy_toko_roti\protected\controllers\MasterPenjualanController.php(54): MasterPenjualanController->loadModel('PG01')
#1 [internal function]: MasterPenjualanController->actionView('PG01')
#2 C:\xampp\htdocs\yii\framework\web\actions\CAction.php(104): ReflectionMethod->invokeArgs(Object(MasterPenjualanController), Array)
#3 C:\xampp\htdocs\yii\framework\web\actions\CInlineAction.php(48): CAction->runWithParamsInternal(Object(MasterPenjualanController), Object(ReflectionMethod), Array)
#4 C:\xampp\htdocs\yii\framework\web\CController.php(300): CInlineAction->runWithParams(Array)
#5 C:\xampp\htdocs\yii\framework\web\filters\CFilterChain.php(134): CController->runAction(Object(CInlineAction))
#6 C:\xampp\htdocs\yii\framework\web\filters\CFilter.php(41): CFilterChain->run()
#7 C:\xampp\htdocs\yii\framework\web\CController.php(1144): CFilter->filter(Object(CFilterChain))
#8 C:\xampp\htdocs\yii\framework\web\filters\CInlineFilter.php(59): CController->filterAccessControl(Object(CFilterChain))
#9 C:\xampp\htdocs\yii\framework\web\filters\CFilterChain.php(131): CInlineFilter->filter(Object(CFilterChain))
#10 C:\xampp\htdocs\yii\framework\web\CController.php(283): CFilterChain->run()
#11 C:\xampp\htdocs\yii\framework\web\CController.php(257): CController->runActionWithFilters(Object(CInlineAction), Array)
#12 C:\xampp\htdocs\yii\framework\web\CWebApplication.php(277): CController->run('view')
#13 C:\xampp\htdocs\yii\framework\web\CWebApplication.php(136): CWebApplication->runController('masterpenjualan...')
#14 C:\xampp\htdocs\yii\framework\base\CApplication.php(158): CWebApplication->processRequest()
#15 C:\xampp\htdocs\aldy_toko_roti\index.php(13): CApplication->run()
#16 {main} REQUEST_URI=/aldy_toko_roti/index.php?r=masterpenjualan/view&id=PG01
2014/06/13 00:49:42 [error] [exception.CHttpException.404] exception 'CHttpException' with message 'The requested page does not exist.' in C:\xampp\htdocs\aldy_toko_roti\protected\controllers\GudangController.php:160
Stack trace:
#0 C:\xampp\htdocs\aldy_toko_roti\protected\controllers\GudangController.php(54): GudangController->loadModel('BL01')
#1 [internal function]: GudangController->actionView('BL01')
#2 C:\xampp\htdocs\yii\framework\web\actions\CAction.php(104): ReflectionMethod->invokeArgs(Object(GudangController), Array)
#3 C:\xampp\htdocs\yii\framework\web\actions\CInlineAction.php(48): CAction->runWithParamsInternal(Object(GudangController), Object(ReflectionMethod), Array)
#4 C:\xampp\htdocs\yii\framework\web\CController.php(300): CInlineAction->runWithParams(Array)
#5 C:\xampp\htdocs\yii\framework\web\filters\CFilterChain.php(134): CController->runAction(Object(CInlineAction))
#6 C:\xampp\htdocs\yii\framework\web\filters\CFilter.php(41): CFilterChain->run()
#7 C:\xampp\htdocs\yii\framework\web\CController.php(1144): CFilter->filter(Object(CFilterChain))
#8 C:\xampp\htdocs\yii\framework\web\filters\CInlineFilter.php(59): CController->filterAccessControl(Object(CFilterChain))
#9 C:\xampp\htdocs\yii\framework\web\filters\CFilterChain.php(131): CInlineFilter->filter(Object(CFilterChain))
#10 C:\xampp\htdocs\yii\framework\web\CController.php(283): CFilterChain->run()
#11 C:\xampp\htdocs\yii\framework\web\CController.php(257): CController->runActionWithFilters(Object(CInlineAction), Array)
#12 C:\xampp\htdocs\yii\framework\web\CWebApplication.php(277): CController->run('view')
#13 C:\xampp\htdocs\yii\framework\web\CWebApplication.php(136): CWebApplication->runController('gudang/view')
#14 C:\xampp\htdocs\yii\framework\base\CApplication.php(158): CWebApplication->processRequest()
#15 C:\xampp\htdocs\aldy_toko_roti\index.php(13): CApplication->run()
#16 {main} REQUEST_URI=/aldy_toko_roti/index.php?r=gudang/view&id=BL01
2014/06/13 00:53:22 [warning] [application] Failed to set unsafe attribute "id_gudang" of "Gudang".
in C:\xampp\htdocs\aldy_toko_roti\protected\controllers\GudangController.php (71)
in C:\xampp\htdocs\aldy_toko_roti\index.php (13)
2014/06/13 00:53:54 [warning] [application] Failed to set unsafe attribute "id_gudang" of "Gudang".
in C:\xampp\htdocs\aldy_toko_roti\protected\controllers\GudangController.php (71)
in C:\xampp\htdocs\aldy_toko_roti\index.php (13)
2014/06/13 00:53:54 [error] [system.db.CDbCommand] CDbCommand::execute() failed: SQLSTATE[23000]: Integrity constraint violation: 1062 Duplicate entry '' for key 'PRIMARY'. The SQL statement executed was: INSERT INTO `gudang` (`kd_roti`, `stok_roti`) VALUES (:yp0, :yp1).
in C:\xampp\htdocs\aldy_toko_roti\protected\controllers\GudangController.php (72)
in C:\xampp\htdocs\aldy_toko_roti\index.php (13)
2014/06/13 00:53:55 [error] [exception.CDbException] exception 'CDbException' with message 'CDbCommand failed to execute the SQL statement: SQLSTATE[23000]: Integrity constraint violation: 1062 Duplicate entry '' for key 'PRIMARY'. The SQL statement executed was: INSERT INTO `gudang` (`kd_roti`, `stok_roti`) VALUES (:yp0, :yp1)' in C:\xampp\htdocs\yii\framework\db\CDbCommand.php:336
Stack trace:
#0 C:\xampp\htdocs\yii\framework\db\ar\CActiveRecord.php(1017): CDbCommand->execute()
#1 C:\xampp\htdocs\yii\framework\db\ar\CActiveRecord.php(781): CActiveRecord->insert(NULL)
#2 C:\xampp\htdocs\aldy_toko_roti\protected\controllers\GudangController.php(72): CActiveRecord->save()
#3 C:\xampp\htdocs\yii\framework\web\actions\CInlineAction.php(50): GudangController->actionCreate()
#4 C:\xampp\htdocs\yii\framework\web\CController.php(300): CInlineAction->runWithParams(Array)
#5 C:\xampp\htdocs\yii\framework\web\filters\CFilterChain.php(134): CController->runAction(Object(CInlineAction))
#6 C:\xampp\htdocs\yii\framework\web\filters\CFilter.php(41): CFilterChain->run()
#7 C:\xampp\htdocs\yii\framework\web\CController.php(1144): CFilter->filter(Object(CFilterChain))
#8 C:\xampp\htdocs\yii\framework\web\filters\CInlineFilter.php(59): CController->filterAccessControl(Object(CFilterChain))
#9 C:\xampp\htdocs\yii\framework\web\filters\CFilterChain.php(131): CInlineFilter->filter(Object(CFilterChain))
#10 C:\xampp\htdocs\yii\framework\web\CController.php(283): CFilterChain->run()
#11 C:\xampp\htdocs\yii\framework\web\CController.php(257): CController->runActionWithFilters(Object(CInlineAction), Array)
#12 C:\xampp\htdocs\yii\framework\web\CWebApplication.php(277): CController->run('create')
#13 C:\xampp\htdocs\yii\framework\web\CWebApplication.php(136): CWebApplication->runController('gudang/create')
#14 C:\xampp\htdocs\yii\framework\base\CApplication.php(158): CWebApplication->processRequest()
#15 C:\xampp\htdocs\aldy_toko_roti\index.php(13): CApplication->run()
#16 {main} REQUEST_URI=/aldy_toko_roti/index.php?r=gudang/create
2014/06/13 00:54:12 [warning] [application] Failed to set unsafe attribute "id_gudang" of "Gudang".
in C:\xampp\htdocs\aldy_toko_roti\protected\controllers\GudangController.php (71)
in C:\xampp\htdocs\aldy_toko_roti\index.php (13)
2014/06/13 00:55:07 [warning] [application] Failed to set unsafe attribute "id_gudang" of "Gudang".
in C:\xampp\htdocs\aldy_toko_roti\protected\controllers\GudangController.php (71)
in C:\xampp\htdocs\aldy_toko_roti\index.php (13)
2014/06/13 14:28:12 [error] [exception.CException] exception 'CException' with message 'Property "MasterPenjualan.Id_Peg" is not defined.' in C:\xampp\htdocs\yii\framework\base\CComponent.php:131
Stack trace:
#0 C:\xampp\htdocs\yii\framework\db\ar\CActiveRecord.php(129): CComponent->__get('Id_Peg')
#1 C:\xampp\htdocs\yii\framework\web\helpers\CHtml.php(2063): CActiveRecord->__get('Id_Peg')
#2 C:\xampp\htdocs\yii\framework\web\helpers\CHtml.php(1791): CHtml::resolveValue(Object(MasterPenjualan), 'Id_Peg')
#3 C:\xampp\htdocs\yii\framework\web\helpers\CHtml.php(1199): CHtml::activeInputField('text', Object(MasterPenjualan), 'Id_Peg', Array)
#4 C:\xampp\htdocs\yii\framework\zii\widgets\grid\CDataColumn.php(99): CHtml::activeTextField(Object(MasterPenjualan), 'Id_Peg', Array)
#5 C:\xampp\htdocs\yii\framework\zii\widgets\grid\CGridColumn.php(103): CDataColumn->renderFilterCellContent()
#6 C:\xampp\htdocs\yii\framework\zii\widgets\grid\CGridView.php(445): CGridColumn->renderFilterCell()
#7 C:\xampp\htdocs\yii\framework\zii\widgets\grid\CGridView.php(423): CGridView->renderFilter()
#8 C:\xampp\htdocs\yii\framework\zii\widgets\grid\CGridView.php(393): CGridView->renderTableHeader()
#9 C:\xampp\htdocs\yii\framework\zii\widgets\CBaseListView.php(158): CGridView->renderItems()
#10 [internal function]: CBaseListView->renderSection(Array)
#11 C:\xampp\htdocs\yii\framework\zii\widgets\CBaseListView.php(141): preg_replace_callback('/{(\w+)}/', Array, '{summary}?{item...')
#12 C:\xampp\htdocs\yii\framework\zii\widgets\CBaseListView.php(126): CBaseListView->renderContent()
#13 C:\xampp\htdocs\yii\framework\web\CBaseController.php(166): CBaseListView->run()
#14 C:\xampp\htdocs\aldy_toko_roti\protected\views\masterPenjualan\admin.php(63): CBaseController->widget('zii.widgets.gri...', Array)
#15 C:\xampp\htdocs\yii\framework\web\CBaseController.php(119): require('C:\xampp\htdocs...')
#16 C:\xampp\htdocs\yii\framework\web\CBaseController.php(88): CBaseController->renderInternal('C:\xampp\htdocs...', Array, true)
#17 C:\xampp\htdocs\yii\framework\web\CController.php(866): CBaseController->renderFile('C:\xampp\htdocs...', Array, true)
#18 C:\xampp\htdocs\yii\framework\web\CController.php(779): CController->renderPartial('admin', Array, true)
#19 C:\xampp\htdocs\aldy_toko_roti\protected\controllers\MasterPenjualanController.php(148): CController->render('admin', Array)
#20 C:\xampp\htdocs\yii\framework\web\actions\CInlineAction.php(50): MasterPenjualanController->actionAdmin()
#21 C:\xampp\htdocs\yii\framework\web\CController.php(300): CInlineAction->runWithParams(Array)
#22 C:\xampp\htdocs\yii\framework\web\filters\CFilterChain.php(134): CController->runAction(Object(CInlineAction))
#23 C:\xampp\htdocs\yii\framework\web\filters\CFilter.php(41): CFilterChain->run()
#24 C:\xampp\htdocs\yii\framework\web\CController.php(1144): CFilter->filter(Object(CFilterChain))
#25 C:\xampp\htdocs\yii\framework\web\filters\CInlineFilter.php(59): CController->filterAccessControl(Object(CFilterChain))
#26 C:\xampp\htdocs\yii\framework\web\filters\CFilterChain.php(131): CInlineFilter->filter(Object(CFilterChain))
#27 C:\xampp\htdocs\yii\framework\web\CController.php(283): CFilterChain->run()
#28 C:\xampp\htdocs\yii\framework\web\CController.php(257): CController->runActionWithFilters(Object(CInlineAction), Array)
#29 C:\xampp\htdocs\yii\framework\web\CWebApplication.php(277): CController->run('admin')
#30 C:\xampp\htdocs\yii\framework\web\CWebApplication.php(136): CWebApplication->runController('masterpenjualan...')
#31 C:\xampp\htdocs\yii\framework\base\CApplication.php(158): CWebApplication->processRequest()
#32 C:\xampp\htdocs\aldy_toko_roti\index.php(13): CApplication->run()
#33 {main} REQUEST_URI=/aldy_toko_roti/index.php?r=masterpenjualan/admin
2014/06/13 14:28:33 [error] [exception.CException] exception 'CException' with message 'Property "MasterPenjualan.Id_peg" is not defined.' in C:\xampp\htdocs\yii\framework\base\CComponent.php:131
Stack trace:
#0 C:\xampp\htdocs\yii\framework\db\ar\CActiveRecord.php(129): CComponent->__get('Id_peg')
#1 C:\xampp\htdocs\yii\framework\web\helpers\CHtml.php(2063): CActiveRecord->__get('Id_peg')
#2 C:\xampp\htdocs\yii\framework\web\helpers\CHtml.php(1791): CHtml::resolveValue(Object(MasterPenjualan), 'Id_peg')
#3 C:\xampp\htdocs\yii\framework\web\helpers\CHtml.php(1199): CHtml::activeInputField('text', Object(MasterPenjualan), 'Id_peg', Array)
#4 C:\xampp\htdocs\yii\framework\zii\widgets\grid\CDataColumn.php(99): CHtml::activeTextField(Object(MasterPenjualan), 'Id_peg', Array)
#5 C:\xampp\htdocs\yii\framework\zii\widgets\grid\CGridColumn.php(103): CDataColumn->renderFilterCellContent()
#6 C:\xampp\htdocs\yii\framework\zii\widgets\grid\CGridView.php(445): CGridColumn->renderFilterCell()
#7 C:\xampp\htdocs\yii\framework\zii\widgets\grid\CGridView.php(423): CGridView->renderFilter()
#8 C:\xampp\htdocs\yii\framework\zii\widgets\grid\CGridView.php(393): CGridView->renderTableHeader()
#9 C:\xampp\htdocs\yii\framework\zii\widgets\CBaseListView.php(158): CGridView->renderItems()
#10 [internal function]: CBaseListView->renderSection(Array)
#11 C:\xampp\htdocs\yii\framework\zii\widgets\CBaseListView.php(141): preg_replace_callback('/{(\w+)}/', Array, '{summary}?{item...')
#12 C:\xampp\htdocs\yii\framework\zii\widgets\CBaseListView.php(126): CBaseListView->renderContent()
#13 C:\xampp\htdocs\yii\framework\web\CBaseController.php(166): CBaseListView->run()
#14 C:\xampp\htdocs\aldy_toko_roti\protected\views\masterPenjualan\admin.php(63): CBaseController->widget('zii.widgets.gri...', Array)
#15 C:\xampp\htdocs\yii\framework\web\CBaseController.php(119): require('C:\xampp\htdocs...')
#16 C:\xampp\htdocs\yii\framework\web\CBaseController.php(88): CBaseController->renderInternal('C:\xampp\htdocs...', Array, true)
#17 C:\xampp\htdocs\yii\framework\web\CController.php(866): CBaseController->renderFile('C:\xampp\htdocs...', Array, true)
#18 C:\xampp\htdocs\yii\framework\web\CController.php(779): CController->renderPartial('admin', Array, true)
#19 C:\xampp\htdocs\aldy_toko_roti\protected\controllers\MasterPenjualanController.php(148): CController->render('admin', Array)
#20 C:\xampp\htdocs\yii\framework\web\actions\CInlineAction.php(50): MasterPenjualanController->actionAdmin()
#21 C:\xampp\htdocs\yii\framework\web\CController.php(300): CInlineAction->runWithParams(Array)
#22 C:\xampp\htdocs\yii\framework\web\filters\CFilterChain.php(134): CController->runAction(Object(CInlineAction))
#23 C:\xampp\htdocs\yii\framework\web\filters\CFilter.php(41): CFilterChain->run()
#24 C:\xampp\htdocs\yii\framework\web\CController.php(1144): CFilter->filter(Object(CFilterChain))
#25 C:\xampp\htdocs\yii\framework\web\filters\CInlineFilter.php(59): CController->filterAccessControl(Object(CFilterChain))
#26 C:\xampp\htdocs\yii\framework\web\filters\CFilterChain.php(131): CInlineFilter->filter(Object(CFilterChain))
#27 C:\xampp\htdocs\yii\framework\web\CController.php(283): CFilterChain->run()
#28 C:\xampp\htdocs\yii\framework\web\CController.php(257): CController->runActionWithFilters(Object(CInlineAction), Array)
#29 C:\xampp\htdocs\yii\framework\web\CWebApplication.php(277): CController->run('admin')
#30 C:\xampp\htdocs\yii\framework\web\CWebApplication.php(136): CWebApplication->runController('masterpenjualan...')
#31 C:\xampp\htdocs\yii\framework\base\CApplication.php(158): CWebApplication->processRequest()
#32 C:\xampp\htdocs\aldy_toko_roti\index.php(13): CApplication->run()
#33 {main} REQUEST_URI=/aldy_toko_roti/index.php?r=masterpenjualan/admin
2014/06/13 14:28:35 [error] [exception.CException] exception 'CException' with message 'Property "MasterPenjualan.Id_peg" is not defined.' in C:\xampp\htdocs\yii\framework\base\CComponent.php:131
Stack trace:
#0 C:\xampp\htdocs\yii\framework\db\ar\CActiveRecord.php(129): CComponent->__get('Id_peg')
#1 C:\xampp\htdocs\yii\framework\web\helpers\CHtml.php(2063): CActiveRecord->__get('Id_peg')
#2 C:\xampp\htdocs\yii\framework\web\helpers\CHtml.php(1791): CHtml::resolveValue(Object(MasterPenjualan), 'Id_peg')
#3 C:\xampp\htdocs\yii\framework\web\helpers\CHtml.php(1199): CHtml::activeInputField('text', Object(MasterPenjualan), 'Id_peg', Array)
#4 C:\xampp\htdocs\yii\framework\zii\widgets\grid\CDataColumn.php(99): CHtml::activeTextField(Object(MasterPenjualan), 'Id_peg', Array)
#5 C:\xampp\htdocs\yii\framework\zii\widgets\grid\CGridColumn.php(103): CDataColumn->renderFilterCellContent()
#6 C:\xampp\htdocs\yii\framework\zii\widgets\grid\CGridView.php(445): CGridColumn->renderFilterCell()
#7 C:\xampp\htdocs\yii\framework\zii\widgets\grid\CGridView.php(423): CGridView->renderFilter()
#8 C:\xampp\htdocs\yii\framework\zii\widgets\grid\CGridView.php(393): CGridView->renderTableHeader()
#9 C:\xampp\htdocs\yii\framework\zii\widgets\CBaseListView.php(158): CGridView->renderItems()
#10 [internal function]: CBaseListView->renderSection(Array)
#11 C:\xampp\htdocs\yii\framework\zii\widgets\CBaseListView.php(141): preg_replace_callback('/{(\w+)}/', Array, '{summary}?{item...')
#12 C:\xampp\htdocs\yii\framework\zii\widgets\CBaseListView.php(126): CBaseListView->renderContent()
#13 C:\xampp\htdocs\yii\framework\web\CBaseController.php(166): CBaseListView->run()
#14 C:\xampp\htdocs\aldy_toko_roti\protected\views\masterPenjualan\admin.php(63): CBaseController->widget('zii.widgets.gri...', Array)
#15 C:\xampp\htdocs\yii\framework\web\CBaseController.php(119): require('C:\xampp\htdocs...')
#16 C:\xampp\htdocs\yii\framework\web\CBaseController.php(88): CBaseController->renderInternal('C:\xampp\htdocs...', Array, true)
#17 C:\xampp\htdocs\yii\framework\web\CController.php(866): CBaseController->renderFile('C:\xampp\htdocs...', Array, true)
#18 C:\xampp\htdocs\yii\framework\web\CController.php(779): CController->renderPartial('admin', Array, true)
#19 C:\xampp\htdocs\aldy_toko_roti\protected\controllers\MasterPenjualanController.php(148): CController->render('admin', Array)
#20 C:\xampp\htdocs\yii\framework\web\actions\CInlineAction.php(50): MasterPenjualanController->actionAdmin()
#21 C:\xampp\htdocs\yii\framework\web\CController.php(300): CInlineAction->runWithParams(Array)
#22 C:\xampp\htdocs\yii\framework\web\filters\CFilterChain.php(134): CController->runAction(Object(CInlineAction))
#23 C:\xampp\htdocs\yii\framework\web\filters\CFilter.php(41): CFilterChain->run()
#24 C:\xampp\htdocs\yii\framework\web\CController.php(1144): CFilter->filter(Object(CFilterChain))
#25 C:\xampp\htdocs\yii\framework\web\filters\CInlineFilter.php(59): CController->filterAccessControl(Object(CFilterChain))
#26 C:\xampp\htdocs\yii\framework\web\filters\CFilterChain.php(131): CInlineFilter->filter(Object(CFilterChain))
#27 C:\xampp\htdocs\yii\framework\web\CController.php(283): CFilterChain->run()
#28 C:\xampp\htdocs\yii\framework\web\CController.php(257): CController->runActionWithFilters(Object(CInlineAction), Array)
#29 C:\xampp\htdocs\yii\framework\web\CWebApplication.php(277): CController->run('admin')
#30 C:\xampp\htdocs\yii\framework\web\CWebApplication.php(136): CWebApplication->runController('masterpenjualan...')
#31 C:\xampp\htdocs\yii\framework\base\CApplication.php(158): CWebApplication->processRequest()
#32 C:\xampp\htdocs\aldy_toko_roti\index.php(13): CApplication->run()
#33 {main} REQUEST_URI=/aldy_toko_roti/index.php?r=masterpenjualan/admin
2014/06/13 14:28:44 [error] [php] include(master_pegawai.php) [<a href='function.include'>function.include</a>]: failed to open stream: No such file or directory (C:\xampp\htdocs\yii\framework\YiiBase.php:421)
Stack trace:
#0 C:\xampp\htdocs\yii\framework\db\ar\CActiveRecord.php(371): spl_autoload_call()
#1 C:\xampp\htdocs\yii\framework\db\ar\CActiveFinder.php(221): model()
#2 C:\xampp\htdocs\yii\framework\db\ar\CActiveFinder.php(51): CActiveFinder->buildJoinTree()
#3 C:\xampp\htdocs\yii\framework\db\ar\CActiveRecord.php(258): CActiveFinder->__construct()
#4 C:\xampp\htdocs\yii\framework\db\ar\CActiveRecord.php(127): MasterPenjualan->getRelated()
#5 C:\xampp\htdocs\yii\framework\base\CComponent.php(619) : eval()'d code(2): MasterPenjualan->__get()
#6 C:\xampp\htdocs\yii\framework\base\CComponent.php(619): eval()
#7 C:\xampp\htdocs\yii\framework\zii\widgets\grid\CDataColumn.php(133): CDataColumn->evaluateExpression()
#8 C:\xampp\htdocs\yii\framework\zii\widgets\grid\CGridColumn.php(135): CDataColumn->renderDataCellContent()
#9 C:\xampp\htdocs\yii\framework\zii\widgets\grid\CGridView.php(512): CDataColumn->renderDataCell()
#10 C:\xampp\htdocs\yii\framework\zii\widgets\grid\CGridView.php(485): CGridView->renderTableRow()
#11 C:\xampp\htdocs\yii\framework\zii\widgets\grid\CGridView.php(395): CGridView->renderTableBody()
#12 C:\xampp\htdocs\yii\framework\zii\widgets\CBaseListView.php(158): CGridView->renderItems()
#13 unknown(0): CGridView->renderSection()
#14 C:\xampp\htdocs\yii\framework\zii\widgets\CBaseListView.php(141): preg_replace_callback()
#15 C:\xampp\htdocs\yii\framework\zii\widgets\CBaseListView.php(126): CGridView->renderContent()
#16 C:\xampp\htdocs\yii\framework\web\CBaseController.php(166): CGridView->run()
#17 C:\xampp\htdocs\aldy_toko_roti\protected\views\masterPenjualan\admin.php(63): MasterPenjualanController->widget()
#18 C:\xampp\htdocs\yii\framework\web\CBaseController.php(119): require()
#19 C:\xampp\htdocs\yii\framework\web\CBaseController.php(88): MasterPenjualanController->renderInternal()
#20 C:\xampp\htdocs\yii\framework\web\CController.php(866): MasterPenjualanController->renderFile()
#21 C:\xampp\htdocs\yii\framework\web\CController.php(779): MasterPenjualanController->renderPartial()
#22 C:\xampp\htdocs\aldy_toko_roti\protected\controllers\MasterPenjualanController.php(148): MasterPenjualanController->render()
#23 C:\xampp\htdocs\yii\framework\web\actions\CInlineAction.php(50): MasterPenjualanController->actionAdmin()
#24 C:\xampp\htdocs\yii\framework\web\CController.php(300): CInlineAction->runWithParams()
#25 C:\xampp\htdocs\yii\framework\web\filters\CFilterChain.php(134): MasterPenjualanController->runAction()
#26 C:\xampp\htdocs\yii\framework\web\filters\CFilter.php(41): CFilterChain->run()
#27 C:\xampp\htdocs\yii\framework\web\CController.php(1144): CAccessControlFilter->filter()
#28 C:\xampp\htdocs\yii\framework\web\filters\CInlineFilter.php(59): MasterPenjualanController->filterAccessControl()
#29 C:\xampp\htdocs\yii\framework\web\filters\CFilterChain.php(131): CInlineFilter->filter()
#30 C:\xampp\htdocs\yii\framework\web\CController.php(283): CFilterChain->run()
#31 C:\xampp\htdocs\yii\framework\web\CController.php(257): MasterPenjualanController->runActionWithFilters()
#32 C:\xampp\htdocs\yii\framework\web\CWebApplication.php(277): MasterPenjualanController->run()
#33 C:\xampp\htdocs\yii\framework\web\CWebApplication.php(136): CWebApplication->runController()
#34 C:\xampp\htdocs\yii\framework\base\CApplication.php(158): CWebApplication->processRequest()
#35 C:\xampp\htdocs\aldy_toko_roti\index.php(13): CWebApplication->run()
REQUEST_URI=/aldy_toko_roti/index.php?r=masterpenjualan/admin
in C:\xampp\htdocs\aldy_toko_roti\protected\views\masterPenjualan\admin.php (63)
in C:\xampp\htdocs\aldy_toko_roti\protected\controllers\MasterPenjualanController.php (148)
in C:\xampp\htdocs\aldy_toko_roti\index.php (13)
2014/06/13 14:30:48 [error] [php] include(master_pegawai.php) [<a href='function.include'>function.include</a>]: failed to open stream: No such file or directory (C:\xampp\htdocs\yii\framework\YiiBase.php:421)
Stack trace:
#0 C:\xampp\htdocs\yii\framework\db\ar\CActiveRecord.php(371): spl_autoload_call()
#1 C:\xampp\htdocs\yii\framework\db\ar\CActiveFinder.php(221): model()
#2 C:\xampp\htdocs\yii\framework\db\ar\CActiveFinder.php(51): CActiveFinder->buildJoinTree()
#3 C:\xampp\htdocs\yii\framework\db\ar\CActiveRecord.php(258): CActiveFinder->__construct()
#4 C:\xampp\htdocs\yii\framework\db\ar\CActiveRecord.php(127): MasterPenjualan->getRelated()
#5 C:\xampp\htdocs\yii\framework\base\CComponent.php(619) : eval()'d code(2): MasterPenjualan->__get()
#6 C:\xampp\htdocs\yii\framework\base\CComponent.php(619): eval()
#7 C:\xampp\htdocs\yii\framework\zii\widgets\grid\CDataColumn.php(133): CDataColumn->evaluateExpression()
#8 C:\xampp\htdocs\yii\framework\zii\widgets\grid\CGridColumn.php(135): CDataColumn->renderDataCellContent()
#9 C:\xampp\htdocs\yii\framework\zii\widgets\grid\CGridView.php(512): CDataColumn->renderDataCell()
#10 C:\xampp\htdocs\yii\framework\zii\widgets\grid\CGridView.php(485): CGridView->renderTableRow()
#11 C:\xampp\htdocs\yii\framework\zii\widgets\grid\CGridView.php(395): CGridView->renderTableBody()
#12 C:\xampp\htdocs\yii\framework\zii\widgets\CBaseListView.php(158): CGridView->renderItems()
#13 unknown(0): CGridView->renderSection()
#14 C:\xampp\htdocs\yii\framework\zii\widgets\CBaseListView.php(141): preg_replace_callback()
#15 C:\xampp\htdocs\yii\framework\zii\widgets\CBaseListView.php(126): CGridView->renderContent()
#16 C:\xampp\htdocs\yii\framework\web\CBaseController.php(166): CGridView->run()
#17 C:\xampp\htdocs\aldy_toko_roti\protected\views\masterPenjualan\admin.php(63): MasterPenjualanController->widget()
#18 C:\xampp\htdocs\yii\framework\web\CBaseController.php(119): require()
#19 C:\xampp\htdocs\yii\framework\web\CBaseController.php(88): MasterPenjualanController->renderInternal()
#20 C:\xampp\htdocs\yii\framework\web\CController.php(866): MasterPenjualanController->renderFile()
#21 C:\xampp\htdocs\yii\framework\web\CController.php(779): MasterPenjualanController->renderPartial()
#22 C:\xampp\htdocs\aldy_toko_roti\protected\controllers\MasterPenjualanController.php(148): MasterPenjualanController->render()
#23 C:\xampp\htdocs\yii\framework\web\actions\CInlineAction.php(50): MasterPenjualanController->actionAdmin()
#24 C:\xampp\htdocs\yii\framework\web\CController.php(300): CInlineAction->runWithParams()
#25 C:\xampp\htdocs\yii\framework\web\filters\CFilterChain.php(134): MasterPenjualanController->runAction()
#26 C:\xampp\htdocs\yii\framework\web\filters\CFilter.php(41): CFilterChain->run()
#27 C:\xampp\htdocs\yii\framework\web\CController.php(1144): CAccessControlFilter->filter()
#28 C:\xampp\htdocs\yii\framework\web\filters\CInlineFilter.php(59): MasterPenjualanController->filterAccessControl()
#29 C:\xampp\htdocs\yii\framework\web\filters\CFilterChain.php(131): CInlineFilter->filter()
#30 C:\xampp\htdocs\yii\framework\web\CController.php(283): CFilterChain->run()
#31 C:\xampp\htdocs\yii\framework\web\CController.php(257): MasterPenjualanController->runActionWithFilters()
#32 C:\xampp\htdocs\yii\framework\web\CWebApplication.php(277): MasterPenjualanController->run()
#33 C:\xampp\htdocs\yii\framework\web\CWebApplication.php(136): CWebApplication->runController()
#34 C:\xampp\htdocs\yii\framework\base\CApplication.php(158): CWebApplication->processRequest()
#35 C:\xampp\htdocs\aldy_toko_roti\index.php(13): CWebApplication->run()
REQUEST_URI=/aldy_toko_roti/index.php?r=masterpenjualan/admin
in C:\xampp\htdocs\aldy_toko_roti\protected\views\masterPenjualan\admin.php (63)
in C:\xampp\htdocs\aldy_toko_roti\protected\controllers\MasterPenjualanController.php (148)
in C:\xampp\htdocs\aldy_toko_roti\index.php (13)
2014/06/13 14:30:49 [error] [php] include(master_pegawai.php) [<a href='function.include'>function.include</a>]: failed to open stream: No such file or directory (C:\xampp\htdocs\yii\framework\YiiBase.php:421)
Stack trace:
#0 C:\xampp\htdocs\yii\framework\db\ar\CActiveRecord.php(371): spl_autoload_call()
#1 C:\xampp\htdocs\yii\framework\db\ar\CActiveFinder.php(221): model()
#2 C:\xampp\htdocs\yii\framework\db\ar\CActiveFinder.php(51): CActiveFinder->buildJoinTree()
#3 C:\xampp\htdocs\yii\framework\db\ar\CActiveRecord.php(258): CActiveFinder->__construct()
#4 C:\xampp\htdocs\yii\framework\db\ar\CActiveRecord.php(127): MasterPenjualan->getRelated()
#5 C:\xampp\htdocs\yii\framework\base\CComponent.php(619) : eval()'d code(2): MasterPenjualan->__get()
#6 C:\xampp\htdocs\yii\framework\base\CComponent.php(619): eval()
#7 C:\xampp\htdocs\yii\framework\zii\widgets\grid\CDataColumn.php(133): CDataColumn->evaluateExpression()
#8 C:\xampp\htdocs\yii\framework\zii\widgets\grid\CGridColumn.php(135): CDataColumn->renderDataCellContent()
#9 C:\xampp\htdocs\yii\framework\zii\widgets\grid\CGridView.php(512): CDataColumn->renderDataCell()
#10 C:\xampp\htdocs\yii\framework\zii\widgets\grid\CGridView.php(485): CGridView->renderTableRow()
#11 C:\xampp\htdocs\yii\framework\zii\widgets\grid\CGridView.php(395): CGridView->renderTableBody()
#12 C:\xampp\htdocs\yii\framework\zii\widgets\CBaseListView.php(158): CGridView->renderItems()
#13 unknown(0): CGridView->renderSection()
#14 C:\xampp\htdocs\yii\framework\zii\widgets\CBaseListView.php(141): preg_replace_callback()
#15 C:\xampp\htdocs\yii\framework\zii\widgets\CBaseListView.php(126): CGridView->renderContent()
#16 C:\xampp\htdocs\yii\framework\web\CBaseController.php(166): CGridView->run()
#17 C:\xampp\htdocs\aldy_toko_roti\protected\views\masterPenjualan\admin.php(63): MasterPenjualanController->widget()
#18 C:\xampp\htdocs\yii\framework\web\CBaseController.php(119): require()
#19 C:\xampp\htdocs\yii\framework\web\CBaseController.php(88): MasterPenjualanController->renderInternal()
#20 C:\xampp\htdocs\yii\framework\web\CController.php(866): MasterPenjualanController->renderFile()
#21 C:\xampp\htdocs\yii\framework\web\CController.php(779): MasterPenjualanController->renderPartial()
#22 C:\xampp\htdocs\aldy_toko_roti\protected\controllers\MasterPenjualanController.php(148): MasterPenjualanController->render()
#23 C:\xampp\htdocs\yii\framework\web\actions\CInlineAction.php(50): MasterPenjualanController->actionAdmin()
#24 C:\xampp\htdocs\yii\framework\web\CController.php(300): CInlineAction->runWithParams()
#25 C:\xampp\htdocs\yii\framework\web\filters\CFilterChain.php(134): MasterPenjualanController->runAction()
#26 C:\xampp\htdocs\yii\framework\web\filters\CFilter.php(41): CFilterChain->run()
#27 C:\xampp\htdocs\yii\framework\web\CController.php(1144): CAccessControlFilter->filter()
#28 C:\xampp\htdocs\yii\framework\web\filters\CInlineFilter.php(59): MasterPenjualanController->filterAccessControl()
#29 C:\xampp\htdocs\yii\framework\web\filters\CFilterChain.php(131): CInlineFilter->filter()
#30 C:\xampp\htdocs\yii\framework\web\CController.php(283): CFilterChain->run()
#31 C:\xampp\htdocs\yii\framework\web\CController.php(257): MasterPenjualanController->runActionWithFilters()
#32 C:\xampp\htdocs\yii\framework\web\CWebApplication.php(277): MasterPenjualanController->run()
#33 C:\xampp\htdocs\yii\framework\web\CWebApplication.php(136): CWebApplication->runController()
#34 C:\xampp\htdocs\yii\framework\base\CApplication.php(158): CWebApplication->processRequest()
#35 C:\xampp\htdocs\aldy_toko_roti\index.php(13): CWebApplication->run()
REQUEST_URI=/aldy_toko_roti/index.php?r=masterpenjualan/admin
in C:\xampp\htdocs\aldy_toko_roti\protected\views\masterPenjualan\admin.php (63)
in C:\xampp\htdocs\aldy_toko_roti\protected\controllers\MasterPenjualanController.php (148)
in C:\xampp\htdocs\aldy_toko_roti\index.php (13)
2014/06/13 14:32:22 [error] [php] include(master_pegawai.php) [<a href='function.include'>function.include</a>]: failed to open stream: No such file or directory (C:\xampp\htdocs\yii\framework\YiiBase.php:421)
Stack trace:
#0 C:\xampp\htdocs\yii\framework\db\ar\CActiveRecord.php(371): spl_autoload_call()
#1 C:\xampp\htdocs\yii\framework\db\ar\CActiveFinder.php(221): model()
#2 C:\xampp\htdocs\yii\framework\db\ar\CActiveFinder.php(51): CActiveFinder->buildJoinTree()
#3 C:\xampp\htdocs\yii\framework\db\ar\CActiveRecord.php(258): CActiveFinder->__construct()
#4 C:\xampp\htdocs\yii\framework\db\ar\CActiveRecord.php(127): MasterPenjualan->getRelated()
#5 C:\xampp\htdocs\yii\framework\base\CComponent.php(619) : eval()'d code(2): MasterPenjualan->__get()
#6 C:\xampp\htdocs\yii\framework\base\CComponent.php(619): eval()
#7 C:\xampp\htdocs\yii\framework\zii\widgets\grid\CDataColumn.php(133): CDataColumn->evaluateExpression()
#8 C:\xampp\htdocs\yii\framework\zii\widgets\grid\CGridColumn.php(135): CDataColumn->renderDataCellContent()
#9 C:\xampp\htdocs\yii\framework\zii\widgets\grid\CGridView.php(512): CDataColumn->renderDataCell()
#10 C:\xampp\htdocs\yii\framework\zii\widgets\grid\CGridView.php(485): CGridView->renderTableRow()
#11 C:\xampp\htdocs\yii\framework\zii\widgets\grid\CGridView.php(395): CGridView->renderTableBody()
#12 C:\xampp\htdocs\yii\framework\zii\widgets\CBaseListView.php(158): CGridView->renderItems()
#13 unknown(0): CGridView->renderSection()
#14 C:\xampp\htdocs\yii\framework\zii\widgets\CBaseListView.php(141): preg_replace_callback()
#15 C:\xampp\htdocs\yii\framework\zii\widgets\CBaseListView.php(126): CGridView->renderContent()
#16 C:\xampp\htdocs\yii\framework\web\CBaseController.php(166): CGridView->run()
#17 C:\xampp\htdocs\aldy_toko_roti\protected\views\masterPenjualan\admin.php(63): MasterPenjualanController->widget()
#18 C:\xampp\htdocs\yii\framework\web\CBaseController.php(119): require()
#19 C:\xampp\htdocs\yii\framework\web\CBaseController.php(88): MasterPenjualanController->renderInternal()
#20 C:\xampp\htdocs\yii\framework\web\CController.php(866): MasterPenjualanController->renderFile()
#21 C:\xampp\htdocs\yii\framework\web\CController.php(779): MasterPenjualanController->renderPartial()
#22 C:\xampp\htdocs\aldy_toko_roti\protected\controllers\MasterPenjualanController.php(148): MasterPenjualanController->render()
#23 C:\xampp\htdocs\yii\framework\web\actions\CInlineAction.php(50): MasterPenjualanController->actionAdmin()
#24 C:\xampp\htdocs\yii\framework\web\CController.php(300): CInlineAction->runWithParams()
#25 C:\xampp\htdocs\yii\framework\web\filters\CFilterChain.php(134): MasterPenjualanController->runAction()
#26 C:\xampp\htdocs\yii\framework\web\filters\CFilter.php(41): CFilterChain->run()
#27 C:\xampp\htdocs\yii\framework\web\CController.php(1144): CAccessControlFilter->filter()
#28 C:\xampp\htdocs\yii\framework\web\filters\CInlineFilter.php(59): MasterPenjualanController->filterAccessControl()
#29 C:\xampp\htdocs\yii\framework\web\filters\CFilterChain.php(131): CInlineFilter->filter()
#30 C:\xampp\htdocs\yii\framework\web\CController.php(283): CFilterChain->run()
#31 C:\xampp\htdocs\yii\framework\web\CController.php(257): MasterPenjualanController->runActionWithFilters()
#32 C:\xampp\htdocs\yii\framework\web\CWebApplication.php(277): MasterPenjualanController->run()
#33 C:\xampp\htdocs\yii\framework\web\CWebApplication.php(136): CWebApplication->runController()
#34 C:\xampp\htdocs\yii\framework\base\CApplication.php(158): CWebApplication->processRequest()
#35 C:\xampp\htdocs\aldy_toko_roti\index.php(13): CWebApplication->run()
REQUEST_URI=/aldy_toko_roti/index.php?r=masterpenjualan/admin
in C:\xampp\htdocs\aldy_toko_roti\protected\views\masterPenjualan\admin.php (63)
in C:\xampp\htdocs\aldy_toko_roti\protected\controllers\MasterPenjualanController.php (148)
in C:\xampp\htdocs\aldy_toko_roti\index.php (13)
2014/06/13 14:38:13 [error] [exception.CException] exception 'CException' with message 'Property "MasterPenjualan.nama_pegawai" is not defined.' in C:\xampp\htdocs\yii\framework\base\CComponent.php:131
Stack trace:
#0 C:\xampp\htdocs\yii\framework\db\ar\CActiveRecord.php(129): CComponent->__get('nama_pegawai')
#1 C:\xampp\htdocs\yii\framework\db\ar\CActiveFinder.php(669): CActiveRecord->__get('nama_pegawai')
#2 C:\xampp\htdocs\yii\framework\db\ar\CActiveFinder.php(517): CJoinElement->applyLazyCondition(Object(CJoinQuery), Object(MasterPenjualan))
#3 C:\xampp\htdocs\yii\framework\db\ar\CActiveFinder.php(169): CJoinElement->lazyFind(Object(MasterPenjualan))
#4 C:\xampp\htdocs\yii\framework\db\ar\CActiveRecord.php(259): CActiveFinder->lazyFind(Object(MasterPenjualan))
#5 C:\xampp\htdocs\yii\framework\db\ar\CActiveRecord.php(127): CActiveRecord->getRelated('idpeg')
#6 C:\xampp\htdocs\yii\framework\base\CComponent.php(619) : eval()'d code(2): CActiveRecord->__get('idpeg')
#7 C:\xampp\htdocs\yii\framework\base\CComponent.php(619): eval()
#8 C:\xampp\htdocs\yii\framework\zii\widgets\grid\CDataColumn.php(133): CComponent->evaluateExpression('CHtml::encode??...', Array)
#9 C:\xampp\htdocs\yii\framework\zii\widgets\grid\CGridColumn.php(135): CDataColumn->renderDataCellContent(0, Object(MasterPenjualan))
#10 C:\xampp\htdocs\yii\framework\zii\widgets\grid\CGridView.php(512): CGridColumn->renderDataCell(0)
#11 C:\xampp\htdocs\yii\framework\zii\widgets\grid\CGridView.php(485): CGridView->renderTableRow(0)
#12 C:\xampp\htdocs\yii\framework\zii\widgets\grid\CGridView.php(395): CGridView->renderTableBody()
#13 C:\xampp\htdocs\yii\framework\zii\widgets\CBaseListView.php(158): CGridView->renderItems()
#14 [internal function]: CBaseListView->renderSection(Array)
#15 C:\xampp\htdocs\yii\framework\zii\widgets\CBaseListView.php(141): preg_replace_callback('/{(\w+)}/', Array, '{summary}?{item...')
#16 C:\xampp\htdocs\yii\framework\zii\widgets\CBaseListView.php(126): CBaseListView->renderContent()
#17 C:\xampp\htdocs\yii\framework\web\CBaseController.php(166): CBaseListView->run()
#18 C:\xampp\htdocs\aldy_toko_roti\protected\views\masterPenjualan\admin.php(63): CBaseController->widget('zii.widgets.gri...', Array)
#19 C:\xampp\htdocs\yii\framework\web\CBaseController.php(119): require('C:\xampp\htdocs...')
#20 C:\xampp\htdocs\yii\framework\web\CBaseController.php(88): CBaseController->renderInternal('C:\xampp\htdocs...', Array, true)
#21 C:\xampp\htdocs\yii\framework\web\CController.php(866): CBaseController->renderFile('C:\xampp\htdocs...', Array, true)
#22 C:\xampp\htdocs\yii\framework\web\CController.php(779): CController->renderPartial('admin', Array, true)
#23 C:\xampp\htdocs\aldy_toko_roti\protected\controllers\MasterPenjualanController.php(148): CController->render('admin', Array)
#24 C:\xampp\htdocs\yii\framework\web\actions\CInlineAction.php(50): MasterPenjualanController->actionAdmin()
#25 C:\xampp\htdocs\yii\framework\web\CController.php(300): CInlineAction->runWithParams(Array)
#26 C:\xampp\htdocs\yii\framework\web\filters\CFilterChain.php(134): CController->runAction(Object(CInlineAction))
#27 C:\xampp\htdocs\yii\framework\web\filters\CFilter.php(41): CFilterChain->run()
#28 C:\xampp\htdocs\yii\framework\web\CController.php(1144): CFilter->filter(Object(CFilterChain))
#29 C:\xampp\htdocs\yii\framework\web\filters\CInlineFilter.php(59): CController->filterAccessControl(Object(CFilterChain))
#30 C:\xampp\htdocs\yii\framework\web\filters\CFilterChain.php(131): CInlineFilter->filter(Object(CFilterChain))
#31 C:\xampp\htdocs\yii\framework\web\CController.php(283): CFilterChain->run()
#32 C:\xampp\htdocs\yii\framework\web\CController.php(257): CController->runActionWithFilters(Object(CInlineAction), Array)
#33 C:\xampp\htdocs\yii\framework\web\CWebApplication.php(277): CController->run('admin')
#34 C:\xampp\htdocs\yii\framework\web\CWebApplication.php(136): CWebApplication->runController('masterpenjualan...')
#35 C:\xampp\htdocs\yii\framework\base\CApplication.php(158): CWebApplication->processRequest()
#36 C:\xampp\htdocs\aldy_toko_roti\index.php(13): CApplication->run()
#37 {main} REQUEST_URI=/aldy_toko_roti/index.php?r=masterpenjualan/admin
2014/06/13 14:41:02 [error] [exception.CException] exception 'CException' with message 'Property "MasterPenjualan.id_pegawai" is not defined.' in C:\xampp\htdocs\yii\framework\base\CComponent.php:131
Stack trace:
#0 C:\xampp\htdocs\yii\framework\db\ar\CActiveRecord.php(129): CComponent->__get('id_pegawai')
#1 C:\xampp\htdocs\yii\framework\db\ar\CActiveFinder.php(669): CActiveRecord->__get('id_pegawai')
#2 C:\xampp\htdocs\yii\framework\db\ar\CActiveFinder.php(517): CJoinElement->applyLazyCondition(Object(CJoinQuery), Object(MasterPenjualan))
#3 C:\xampp\htdocs\yii\framework\db\ar\CActiveFinder.php(169): CJoinElement->lazyFind(Object(MasterPenjualan))
#4 C:\xampp\htdocs\yii\framework\db\ar\CActiveRecord.php(259): CActiveFinder->lazyFind(Object(MasterPenjualan))
#5 C:\xampp\htdocs\yii\framework\db\ar\CActiveRecord.php(127): CActiveRecord->getRelated('idpeg')
#6 C:\xampp\htdocs\yii\framework\base\CComponent.php(619) : eval()'d code(2): CActiveRecord->__get('idpeg')
#7 C:\xampp\htdocs\yii\framework\base\CComponent.php(619): eval()
#8 C:\xampp\htdocs\yii\framework\zii\widgets\grid\CDataColumn.php(133): CComponent->evaluateExpression('CHtml::encode??...', Array)
#9 C:\xampp\htdocs\yii\framework\zii\widgets\grid\CGridColumn.php(135): CDataColumn->renderDataCellContent(0, Object(MasterPenjualan))
#10 C:\xampp\htdocs\yii\framework\zii\widgets\grid\CGridView.php(512): CGridColumn->renderDataCell(0)
#11 C:\xampp\htdocs\yii\framework\zii\widgets\grid\CGridView.php(485): CGridView->renderTableRow(0)
#12 C:\xampp\htdocs\yii\framework\zii\widgets\grid\CGridView.php(395): CGridView->renderTableBody()
#13 C:\xampp\htdocs\yii\framework\zii\widgets\CBaseListView.php(158): CGridView->renderItems()
#14 [internal function]: CBaseListView->renderSection(Array)
#15 C:\xampp\htdocs\yii\framework\zii\widgets\CBaseListView.php(141): preg_replace_callback('/{(\w+)}/', Array, '{summary}?{item...')
#16 C:\xampp\htdocs\yii\framework\zii\widgets\CBaseListView.php(126): CBaseListView->renderContent()
#17 C:\xampp\htdocs\yii\framework\web\CBaseController.php(166): CBaseListView->run()
#18 C:\xampp\htdocs\aldy_toko_roti\protected\views\masterPenjualan\admin.php(63): CBaseController->widget('zii.widgets.gri...', Array)
#19 C:\xampp\htdocs\yii\framework\web\CBaseController.php(119): require('C:\xampp\htdocs...')
#20 C:\xampp\htdocs\yii\framework\web\CBaseController.php(88): CBaseController->renderInternal('C:\xampp\htdocs...', Array, true)
#21 C:\xampp\htdocs\yii\framework\web\CController.php(866): CBaseController->renderFile('C:\xampp\htdocs...', Array, true)
#22 C:\xampp\htdocs\yii\framework\web\CController.php(779): CController->renderPartial('admin', Array, true)
#23 C:\xampp\htdocs\aldy_toko_roti\protected\controllers\MasterPenjualanController.php(148): CController->render('admin', Array)
#24 C:\xampp\htdocs\yii\framework\web\actions\CInlineAction.php(50): MasterPenjualanController->actionAdmin()
#25 C:\xampp\htdocs\yii\framework\web\CController.php(300): CInlineAction->runWithParams(Array)
#26 C:\xampp\htdocs\yii\framework\web\filters\CFilterChain.php(134): CController->runAction(Object(CInlineAction))
#27 C:\xampp\htdocs\yii\framework\web\filters\CFilter.php(41): CFilterChain->run()
#28 C:\xampp\htdocs\yii\framework\web\CController.php(1144): CFilter->filter(Object(CFilterChain))
#29 C:\xampp\htdocs\yii\framework\web\filters\CInlineFilter.php(59): CController->filterAccessControl(Object(CFilterChain))
#30 C:\xampp\htdocs\yii\framework\web\filters\CFilterChain.php(131): CInlineFilter->filter(Object(CFilterChain))
#31 C:\xampp\htdocs\yii\framework\web\CController.php(283): CFilterChain->run()
#32 C:\xampp\htdocs\yii\framework\web\CController.php(257): CController->runActionWithFilters(Object(CInlineAction), Array)
#33 C:\xampp\htdocs\yii\framework\web\CWebApplication.php(277): CController->run('admin')
#34 C:\xampp\htdocs\yii\framework\web\CWebApplication.php(136): CWebApplication->runController('masterpenjualan...')
#35 C:\xampp\htdocs\yii\framework\base\CApplication.php(158): CWebApplication->processRequest()
#36 C:\xampp\htdocs\aldy_toko_roti\index.php(13): CApplication->run()
#37 {main} REQUEST_URI=/aldy_toko_roti/index.php?r=masterpenjualan/admin
2014/06/13 16:29:15 [error] [exception.CException] exception 'CException' with message 'Property "MasterPembelian.id_peg" is not defined.' in C:\xampp\htdocs\yii\framework\base\CComponent.php:131
Stack trace:
#0 C:\xampp\htdocs\yii\framework\db\ar\CActiveRecord.php(129): CComponent->__get('id_peg')
#1 C:\xampp\htdocs\yii\framework\web\helpers\CHtml.php(2063): CActiveRecord->__get('id_peg')
#2 C:\xampp\htdocs\yii\framework\web\helpers\CHtml.php(1791): CHtml::resolveValue(Object(MasterPembelian), 'id_peg')
#3 C:\xampp\htdocs\yii\framework\web\helpers\CHtml.php(1199): CHtml::activeInputField('text', Object(MasterPembelian), 'id_peg', Array)
#4 C:\xampp\htdocs\yii\framework\zii\widgets\grid\CDataColumn.php(99): CHtml::activeTextField(Object(MasterPembelian), 'id_peg', Array)
#5 C:\xampp\htdocs\yii\framework\zii\widgets\grid\CGridColumn.php(103): CDataColumn->renderFilterCellContent()
#6 C:\xampp\htdocs\yii\framework\zii\widgets\grid\CGridView.php(445): CGridColumn->renderFilterCell()
#7 C:\xampp\htdocs\yii\framework\zii\widgets\grid\CGridView.php(423): CGridView->renderFilter()
#8 C:\xampp\htdocs\yii\framework\zii\widgets\grid\CGridView.php(393): CGridView->renderTableHeader()
#9 C:\xampp\htdocs\yii\framework\zii\widgets\CBaseListView.php(158): CGridView->renderItems()
#10 [internal function]: CBaseListView->renderSection(Array)
#11 C:\xampp\htdocs\yii\framework\zii\widgets\CBaseListView.php(141): preg_replace_callback('/{(\w+)}/', Array, '{summary}?{item...')
#12 C:\xampp\htdocs\yii\framework\zii\widgets\CBaseListView.php(126): CBaseListView->renderContent()
#13 C:\xampp\htdocs\yii\framework\web\CBaseController.php(166): CBaseListView->run()
#14 C:\xampp\htdocs\aldy_toko_roti\protected\views\masterPembelian\admin.php(76): CBaseController->widget('zii.widgets.gri...', Array)
#15 C:\xampp\htdocs\yii\framework\web\CBaseController.php(119): require('C:\xampp\htdocs...')
#16 C:\xampp\htdocs\yii\framework\web\CBaseController.php(88): CBaseController->renderInternal('C:\xampp\htdocs...', Array, true)
#17 C:\xampp\htdocs\yii\framework\web\CController.php(866): CBaseController->renderFile('C:\xampp\htdocs...', Array, true)
#18 C:\xampp\htdocs\yii\framework\web\CController.php(779): CController->renderPartial('admin', Array, true)
#19 C:\xampp\htdocs\aldy_toko_roti\protected\controllers\MasterPembelianController.php(148): CController->render('admin', Array)
#20 C:\xampp\htdocs\yii\framework\web\actions\CInlineAction.php(50): MasterPembelianController->actionAdmin()
#21 C:\xampp\htdocs\yii\framework\web\CController.php(300): CInlineAction->runWithParams(Array)
#22 C:\xampp\htdocs\yii\framework\web\filters\CFilterChain.php(134): CController->runAction(Object(CInlineAction))
#23 C:\xampp\htdocs\yii\framework\web\filters\CFilter.php(41): CFilterChain->run()
#24 C:\xampp\htdocs\yii\framework\web\CController.php(1144): CFilter->filter(Object(CFilterChain))
#25 C:\xampp\htdocs\yii\framework\web\filters\CInlineFilter.php(59): CController->filterAccessControl(Object(CFilterChain))
#26 C:\xampp\htdocs\yii\framework\web\filters\CFilterChain.php(131): CInlineFilter->filter(Object(CFilterChain))
#27 C:\xampp\htdocs\yii\framework\web\CController.php(283): CFilterChain->run()
#28 C:\xampp\htdocs\yii\framework\web\CController.php(257): CController->runActionWithFilters(Object(CInlineAction), Array)
#29 C:\xampp\htdocs\yii\framework\web\CWebApplication.php(277): CController->run('admin')
#30 C:\xampp\htdocs\yii\framework\web\CWebApplication.php(136): CWebApplication->runController('masterpembelian...')
#31 C:\xampp\htdocs\yii\framework\base\CApplication.php(158): CWebApplication->processRequest()
#32 C:\xampp\htdocs\aldy_toko_roti\index.php(13): CApplication->run()
#33 {main} REQUEST_URI=/aldy_toko_roti/index.php?r=masterpembelian/admin
2014/06/13 16:29:43 [error] [exception.CException] exception 'CException' with message 'Property "MasterPembelian.kd_roti" is not defined.' in C:\xampp\htdocs\yii\framework\base\CComponent.php:131
Stack trace:
#0 C:\xampp\htdocs\yii\framework\db\ar\CActiveRecord.php(129): CComponent->__get('kd_roti')
#1 C:\xampp\htdocs\yii\framework\web\helpers\CHtml.php(2063): CActiveRecord->__get('kd_roti')
#2 C:\xampp\htdocs\yii\framework\web\helpers\CHtml.php(1791): CHtml::resolveValue(Object(MasterPembelian), 'kd_roti')
#3 C:\xampp\htdocs\yii\framework\web\helpers\CHtml.php(1199): CHtml::activeInputField('text', Object(MasterPembelian), 'kd_roti', Array)
#4 C:\xampp\htdocs\yii\framework\zii\widgets\grid\CDataColumn.php(99): CHtml::activeTextField(Object(MasterPembelian), 'kd_roti', Array)
#5 C:\xampp\htdocs\yii\framework\zii\widgets\grid\CGridColumn.php(103): CDataColumn->renderFilterCellContent()
#6 C:\xampp\htdocs\yii\framework\zii\widgets\grid\CGridView.php(445): CGridColumn->renderFilterCell()
#7 C:\xampp\htdocs\yii\framework\zii\widgets\grid\CGridView.php(423): CGridView->renderFilter()
#8 C:\xampp\htdocs\yii\framework\zii\widgets\grid\CGridView.php(393): CGridView->renderTableHeader()
#9 C:\xampp\htdocs\yii\framework\zii\widgets\CBaseListView.php(158): CGridView->renderItems()
#10 [internal function]: CBaseListView->renderSection(Array)
#11 C:\xampp\htdocs\yii\framework\zii\widgets\CBaseListView.php(141): preg_replace_callback('/{(\w+)}/', Array, '{summary}?{item...')
#12 C:\xampp\htdocs\yii\framework\zii\widgets\CBaseListView.php(126): CBaseListView->renderContent()
#13 C:\xampp\htdocs\yii\framework\web\CBaseController.php(166): CBaseListView->run()
#14 C:\xampp\htdocs\aldy_toko_roti\protected\views\masterPembelian\admin.php(76): CBaseController->widget('zii.widgets.gri...', Array)
#15 C:\xampp\htdocs\yii\framework\web\CBaseController.php(119): require('C:\xampp\htdocs...')
#16 C:\xampp\htdocs\yii\framework\web\CBaseController.php(88): CBaseController->renderInternal('C:\xampp\htdocs...', Array, true)
#17 C:\xampp\htdocs\yii\framework\web\CController.php(866): CBaseController->renderFile('C:\xampp\htdocs...', Array, true)
#18 C:\xampp\htdocs\yii\framework\web\CController.php(779): CController->renderPartial('admin', Array, true)
#19 C:\xampp\htdocs\aldy_toko_roti\protected\controllers\MasterPembelianController.php(148): CController->render('admin', Array)
#20 C:\xampp\htdocs\yii\framework\web\actions\CInlineAction.php(50): MasterPembelianController->actionAdmin()
#21 C:\xampp\htdocs\yii\framework\web\CController.php(300): CInlineAction->runWithParams(Array)
#22 C:\xampp\htdocs\yii\framework\web\filters\CFilterChain.php(134): CController->runAction(Object(CInlineAction))
#23 C:\xampp\htdocs\yii\framework\web\filters\CFilter.php(41): CFilterChain->run()
#24 C:\xampp\htdocs\yii\framework\web\CController.php(1144): CFilter->filter(Object(CFilterChain))
#25 C:\xampp\htdocs\yii\framework\web\filters\CInlineFilter.php(59): CController->filterAccessControl(Object(CFilterChain))
#26 C:\xampp\htdocs\yii\framework\web\filters\CFilterChain.php(131): CInlineFilter->filter(Object(CFilterChain))
#27 C:\xampp\htdocs\yii\framework\web\CController.php(283): CFilterChain->run()
#28 C:\xampp\htdocs\yii\framework\web\CController.php(257): CController->runActionWithFilters(Object(CInlineAction), Array)
#29 C:\xampp\htdocs\yii\framework\web\CWebApplication.php(277): CController->run('admin')
#30 C:\xampp\htdocs\yii\framework\web\CWebApplication.php(136): CWebApplication->runController('masterpembelian...')
#31 C:\xampp\htdocs\yii\framework\base\CApplication.php(158): CWebApplication->processRequest()
#32 C:\xampp\htdocs\aldy_toko_roti\index.php(13): CApplication->run()
#33 {main} REQUEST_URI=/aldy_toko_roti/index.php?r=masterpembelian/admin
2014/06/13 17:56:45 [error] [exception.CException] exception 'CException' with message 'Property "MasterPenjualan.id_pegawai" is not defined.' in C:\xampp\htdocs\yii\framework\base\CComponent.php:131
Stack trace:
#0 C:\xampp\htdocs\yii\framework\db\ar\CActiveRecord.php(129): CComponent->__get('id_pegawai')
#1 C:\xampp\htdocs\yii\framework\web\helpers\CHtml.php(2063): CActiveRecord->__get('id_pegawai')
#2 C:\xampp\htdocs\yii\framework\web\helpers\CHtml.php(1397): CHtml::resolveValue(Object(MasterPenjualan), 'id_pegawai')
#3 C:\xampp\htdocs\yii\framework\web\widgets\CActiveForm.php(674): CHtml::activeDropDownList(Object(MasterPenjualan), 'id_pegawai', Array, Array)
#4 C:\xampp\htdocs\aldy_toko_roti\protected\views\masterPenjualan\_form.php(26): CActiveForm->dropDownList(Object(MasterPenjualan), 'id_pegawai', Array, Array)
#5 C:\xampp\htdocs\yii\framework\web\CBaseController.php(119): require('C:\xampp\htdocs...')
#6 C:\xampp\htdocs\yii\framework\web\CBaseController.php(88): CBaseController->renderInternal('C:\xampp\htdocs...', Array, true)
#7 C:\xampp\htdocs\yii\framework\web\CController.php(866): CBaseController->renderFile('C:\xampp\htdocs...', Array, true)
#8 C:\xampp\htdocs\aldy_toko_roti\protected\views\masterPenjualan\create.php(15): CController->renderPartial('_form', Array)
#9 C:\xampp\htdocs\yii\framework\web\CBaseController.php(119): require('C:\xampp\htdocs...')
#10 C:\xampp\htdocs\yii\framework\web\CBaseController.php(88): CBaseController->renderInternal('C:\xampp\htdocs...', Array, true)
#11 C:\xampp\htdocs\yii\framework\web\CController.php(866): CBaseController->renderFile('C:\xampp\htdocs...', Array, true)
#12 C:\xampp\htdocs\yii\framework\web\CController.php(779): CController->renderPartial('create', Array, true)
#13 C:\xampp\htdocs\aldy_toko_roti\protected\controllers\MasterPenjualanController.php(78): CController->render('create', Array)
#14 C:\xampp\htdocs\yii\framework\web\actions\CInlineAction.php(50): MasterPenjualanController->actionCreate()
#15 C:\xampp\htdocs\yii\framework\web\CController.php(300): CInlineAction->runWithParams(Array)
#16 C:\xampp\htdocs\yii\framework\web\filters\CFilterChain.php(134): CController->runAction(Object(CInlineAction))
#17 C:\xampp\htdocs\yii\framework\web\filters\CFilter.php(41): CFilterChain->run()
#18 C:\xampp\htdocs\yii\framework\web\CController.php(1144): CFilter->filter(Object(CFilterChain))
#19 C:\xampp\htdocs\yii\framework\web\filters\CInlineFilter.php(59): CController->filterAccessControl(Object(CFilterChain))
#20 C:\xampp\htdocs\yii\framework\web\filters\CFilterChain.php(131): CInlineFilter->filter(Object(CFilterChain))
#21 C:\xampp\htdocs\yii\framework\web\CController.php(283): CFilterChain->run()
#22 C:\xampp\htdocs\yii\framework\web\CController.php(257): CController->runActionWithFilters(Object(CInlineAction), Array)
#23 C:\xampp\htdocs\yii\framework\web\CWebApplication.php(277): CController->run('create')
#24 C:\xampp\htdocs\yii\framework\web\CWebApplication.php(136): CWebApplication->runController('masterpenjualan...')
#25 C:\xampp\htdocs\yii\framework\base\CApplication.php(158): CWebApplication->processRequest()
#26 C:\xampp\htdocs\aldy_toko_roti\index.php(13): CApplication->run()
#27 {main} REQUEST_URI=/aldy_toko_roti/index.php?r=masterpenjualan/create
2014/06/13 18:59:20 [error] [exception.CException] exception 'CException' with message 'Alias "application.extensions.mbmenu.MbMenu" is invalid. Make sure it points to an existing PHP file.' in C:\xampp\htdocs\yii\framework\YiiBase.php:321
Stack trace:
#0 C:\xampp\htdocs\yii\framework\web\CWidgetFactory.php(147): YiiBase::import('application.ext...', true)
#1 C:\xampp\htdocs\yii\framework\web\CBaseController.php(139): CWidgetFactory->createWidget(Object(SiteController), 'application.ext...', Array)
#2 C:\xampp\htdocs\yii\framework\web\CBaseController.php(165): CBaseController->createWidget('application.ext...', Array)
#3 C:\xampp\htdocs\aldy_toko_roti\protected\views\layouts\main.php(41): CBaseController->widget('application.ext...', Array)
#4 C:\xampp\htdocs\yii\framework\web\CBaseController.php(119): require('C:\xampp\htdocs...')
#5 C:\xampp\htdocs\yii\framework\web\CBaseController.php(88): CBaseController->renderInternal('C:\xampp\htdocs...', Array, true)
#6 C:\xampp\htdocs\yii\framework\web\widgets\CContentDecorator.php(78): CBaseController->renderFile('C:\xampp\htdocs...', Array, true)
#7 C:\xampp\htdocs\yii\framework\web\widgets\CContentDecorator.php(56): CContentDecorator->decorate('<div class="con...')
#8 C:\xampp\htdocs\yii\framework\web\widgets\COutputProcessor.php(45): CContentDecorator->processOutput('<div class="con...')
#9 C:\xampp\htdocs\yii\framework\web\CBaseController.php(199): COutputProcessor->run()
#10 C:\xampp\htdocs\yii\framework\web\CBaseController.php(294): CBaseController->endWidget('CContentDecorat...')
#11 C:\xampp\htdocs\aldy_toko_roti\protected\views\layouts\column1.php(7): CBaseController->endContent()
#12 C:\xampp\htdocs\yii\framework\web\CBaseController.php(119): require('C:\xampp\htdocs...')
#13 C:\xampp\htdocs\yii\framework\web\CBaseController.php(88): CBaseController->renderInternal('C:\xampp\htdocs...', Array, true)
#14 C:\xampp\htdocs\yii\framework\web\CController.php(781): CBaseController->renderFile('C:\xampp\htdocs...', Array, true)
#15 C:\xampp\htdocs\aldy_toko_roti\protected\controllers\SiteController.php(32): CController->render('index')
#16 C:\xampp\htdocs\yii\framework\web\actions\CInlineAction.php(50): SiteController->actionIndex()
#17 C:\xampp\htdocs\yii\framework\web\CController.php(300): CInlineAction->runWithParams(Array)
#18 C:\xampp\htdocs\yii\framework\web\CController.php(278): CController->runAction(Object(CInlineAction))
#19 C:\xampp\htdocs\yii\framework\web\CController.php(257): CController->runActionWithFilters(Object(CInlineAction), Array)
#20 C:\xampp\htdocs\yii\framework\web\CWebApplication.php(277): CController->run('index')
#21 C:\xampp\htdocs\yii\framework\web\CWebApplication.php(136): CWebApplication->runController('site/index')
#22 C:\xampp\htdocs\yii\framework\base\CApplication.php(158): CWebApplication->processRequest()
#23 C:\xampp\htdocs\aldy_toko_roti\index.php(13): CApplication->run()
#24 {main} REQUEST_URI=/aldy_toko_roti/index.php?r=site/index
2014/06/13 18:59:54 [error] [exception.CException] exception 'CException' with message 'Alias "application.extensions.mbmenu.MbMenu" is invalid. Make sure it points to an existing PHP file.' in C:\xampp\htdocs\yii\framework\YiiBase.php:321
Stack trace:
#0 C:\xampp\htdocs\yii\framework\web\CWidgetFactory.php(147): YiiBase::import('application.ext...', true)
#1 C:\xampp\htdocs\yii\framework\web\CBaseController.php(139): CWidgetFactory->createWidget(Object(SiteController), 'application.ext...', Array)
#2 C:\xampp\htdocs\yii\framework\web\CBaseController.php(165): CBaseController->createWidget('application.ext...', Array)
#3 C:\xampp\htdocs\aldy_toko_roti\protected\views\layouts\main.php(42): CBaseController->widget('application.ext...', Array)
#4 C:\xampp\htdocs\yii\framework\web\CBaseController.php(119): require('C:\xampp\htdocs...')
#5 C:\xampp\htdocs\yii\framework\web\CBaseController.php(88): CBaseController->renderInternal('C:\xampp\htdocs...', Array, true)
#6 C:\xampp\htdocs\yii\framework\web\widgets\CContentDecorator.php(78): CBaseController->renderFile('C:\xampp\htdocs...', Array, true)
#7 C:\xampp\htdocs\yii\framework\web\widgets\CContentDecorator.php(56): CContentDecorator->decorate('<div class="con...')
#8 C:\xampp\htdocs\yii\framework\web\widgets\COutputProcessor.php(45): CContentDecorator->processOutput('<div class="con...')
#9 C:\xampp\htdocs\yii\framework\web\CBaseController.php(199): COutputProcessor->run()
#10 C:\xampp\htdocs\yii\framework\web\CBaseController.php(294): CBaseController->endWidget('CContentDecorat...')
#11 C:\xampp\htdocs\aldy_toko_roti\protected\views\layouts\column1.php(7): CBaseController->endContent()
#12 C:\xampp\htdocs\yii\framework\web\CBaseController.php(119): require('C:\xampp\htdocs...')
#13 C:\xampp\htdocs\yii\framework\web\CBaseController.php(88): CBaseController->renderInternal('C:\xampp\htdocs...', Array, true)
#14 C:\xampp\htdocs\yii\framework\web\CController.php(781): CBaseController->renderFile('C:\xampp\htdocs...', Array, true)
#15 C:\xampp\htdocs\aldy_toko_roti\protected\controllers\SiteController.php(32): CController->render('index')
#16 C:\xampp\htdocs\yii\framework\web\actions\CInlineAction.php(50): SiteController->actionIndex()
#17 C:\xampp\htdocs\yii\framework\web\CController.php(300): CInlineAction->runWithParams(Array)
#18 C:\xampp\htdocs\yii\framework\web\CController.php(278): CController->runAction(Object(CInlineAction))
#19 C:\xampp\htdocs\yii\framework\web\CController.php(257): CController->runActionWithFilters(Object(CInlineAction), Array)
#20 C:\xampp\htdocs\yii\framework\web\CWebApplication.php(277): CController->run('index')
#21 C:\xampp\htdocs\yii\framework\web\CWebApplication.php(136): CWebApplication->runController('site/index')
#22 C:\xampp\htdocs\yii\framework\base\CApplication.php(158): CWebApplication->processRequest()
#23 C:\xampp\htdocs\aldy_toko_roti\index.php(13): CApplication->run()
#24 {main} REQUEST_URI=/aldy_toko_roti/index.php?r=site/index
2014/06/13 19:01:49 [error] [exception.CException] exception 'CException' with message 'Alias "application.extensions.mbmenu.MbMenu" is invalid. Make sure it points to an existing PHP file.' in C:\xampp\htdocs\yii\framework\YiiBase.php:321
Stack trace:
#0 C:\xampp\htdocs\yii\framework\web\CWidgetFactory.php(147): YiiBase::import('application.ext...', true)
#1 C:\xampp\htdocs\yii\framework\web\CBaseController.php(139): CWidgetFactory->createWidget(Object(SiteController), 'application.ext...', Array)
#2 C:\xampp\htdocs\yii\framework\web\CBaseController.php(165): CBaseController->createWidget('application.ext...', Array)
#3 C:\xampp\htdocs\aldy_toko_roti\protected\views\layouts\main.php(42): CBaseController->widget('application.ext...', Array)
#4 C:\xampp\htdocs\yii\framework\web\CBaseController.php(119): require('C:\xampp\htdocs...')
#5 C:\xampp\htdocs\yii\framework\web\CBaseController.php(88): CBaseController->renderInternal('C:\xampp\htdocs...', Array, true)
#6 C:\xampp\htdocs\yii\framework\web\widgets\CContentDecorator.php(78): CBaseController->renderFile('C:\xampp\htdocs...', Array, true)
#7 C:\xampp\htdocs\yii\framework\web\widgets\CContentDecorator.php(56): CContentDecorator->decorate('<div class="con...')
#8 C:\xampp\htdocs\yii\framework\web\widgets\COutputProcessor.php(45): CContentDecorator->processOutput('<div class="con...')
#9 C:\xampp\htdocs\yii\framework\web\CBaseController.php(199): COutputProcessor->run()
#10 C:\xampp\htdocs\yii\framework\web\CBaseController.php(294): CBaseController->endWidget('CContentDecorat...')
#11 C:\xampp\htdocs\aldy_toko_roti\protected\views\layouts\column1.php(7): CBaseController->endContent()
#12 C:\xampp\htdocs\yii\framework\web\CBaseController.php(119): require('C:\xampp\htdocs...')
#13 C:\xampp\htdocs\yii\framework\web\CBaseController.php(88): CBaseController->renderInternal('C:\xampp\htdocs...', Array, true)
#14 C:\xampp\htdocs\yii\framework\web\CController.php(781): CBaseController->renderFile('C:\xampp\htdocs...', Array, true)
#15 C:\xampp\htdocs\aldy_toko_roti\protected\controllers\SiteController.php(32): CController->render('index')
#16 C:\xampp\htdocs\yii\framework\web\actions\CInlineAction.php(50): SiteController->actionIndex()
#17 C:\xampp\htdocs\yii\framework\web\CController.php(300): CInlineAction->runWithParams(Array)
#18 C:\xampp\htdocs\yii\framework\web\CController.php(278): CController->runAction(Object(CInlineAction))
#19 C:\xampp\htdocs\yii\framework\web\CController.php(257): CController->runActionWithFilters(Object(CInlineAction), Array)
#20 C:\xampp\htdocs\yii\framework\web\CWebApplication.php(277): CController->run('index')
#21 C:\xampp\htdocs\yii\framework\web\CWebApplication.php(136): CWebApplication->runController('site/index')
#22 C:\xampp\htdocs\yii\framework\base\CApplication.php(158): CWebApplication->processRequest()
#23 C:\xampp\htdocs\aldy_toko_roti\index.php(13): CApplication->run()
#24 {main} REQUEST_URI=/aldy_toko_roti/index.php?r=site/index
2014/07/13 12:48:02 [error] [php] include(WebUser.php) [<a href='function.include'>function.include</a>]: failed to open stream: No such file or directory (C:\xampp\htdocs\yii\framework\YiiBase.php:421)
Stack trace:
#0 C:\xampp\htdocs\yii\framework\YiiBase.php(201): import()
#1 C:\xampp\htdocs\yii\framework\base\CModule.php(371): createComponent()
#2 C:\xampp\htdocs\yii\framework\base\CModule.php(86): CWebApplication->getComponent()
#3 C:\xampp\htdocs\aldy_toko_roti\themes\jumpforjoy\views\layouts\main.php(35): CWebApplication->__get()
#4 C:\xampp\htdocs\yii\framework\web\CBaseController.php(119): require()
#5 C:\xampp\htdocs\yii\framework\web\CBaseController.php(88): SiteController->renderInternal()
#6 C:\xampp\htdocs\yii\framework\web\widgets\CContentDecorator.php(78): SiteController->renderFile()
#7 C:\xampp\htdocs\yii\framework\web\widgets\CContentDecorator.php(56): CContentDecorator->decorate()
#8 C:\xampp\htdocs\yii\framework\web\widgets\COutputProcessor.php(45): CContentDecorator->processOutput()
#9 C:\xampp\htdocs\yii\framework\web\CBaseController.php(199): CContentDecorator->run()
#10 C:\xampp\htdocs\yii\framework\web\CBaseController.php(294): SiteController->endWidget()
#11 C:\xampp\htdocs\aldy_toko_roti\themes\jumpforjoy\views\layouts\column1.php(3): SiteController->endContent()
#12 C:\xampp\htdocs\yii\framework\web\CBaseController.php(119): require()
#13 C:\xampp\htdocs\yii\framework\web\CBaseController.php(88): SiteController->renderInternal()
#14 C:\xampp\htdocs\yii\framework\web\CController.php(781): SiteController->renderFile()
#15 C:\xampp\htdocs\aldy_toko_roti\protected\controllers\SiteController.php(92): SiteController->render()
#16 C:\xampp\htdocs\yii\framework\web\actions\CInlineAction.php(50): SiteController->actionLogin()
#17 C:\xampp\htdocs\yii\framework\web\CController.php(300): CInlineAction->runWithParams()
#18 C:\xampp\htdocs\yii\framework\web\CController.php(278): SiteController->runAction()
#19 C:\xampp\htdocs\yii\framework\web\CController.php(257): SiteController->runActionWithFilters()
#20 C:\xampp\htdocs\yii\framework\web\CWebApplication.php(277): SiteController->run()
#21 C:\xampp\htdocs\yii\framework\web\CWebApplication.php(136): CWebApplication->runController()
#22 C:\xampp\htdocs\yii\framework\base\CApplication.php(158): CWebApplication->processRequest()
#23 C:\xampp\htdocs\aldy_toko_roti\index.php(13): CWebApplication->run()
REQUEST_URI=/aldy_toko_roti/index.php?r=site/login
in C:\xampp\htdocs\aldy_toko_roti\themes\jumpforjoy\views\layouts\main.php (35)
in C:\xampp\htdocs\aldy_toko_roti\themes\jumpforjoy\views\layouts\column1.php (3)
in C:\xampp\htdocs\aldy_toko_roti\protected\controllers\SiteController.php (92)
2014/07/13 12:51:15 [error] [php] include(WebUser.php) [<a href='function.include'>function.include</a>]: failed to open stream: No such file or directory (C:\xampp\htdocs\yii\framework\YiiBase.php:421)
Stack trace:
#0 C:\xampp\htdocs\yii\framework\YiiBase.php(201): import()
#1 C:\xampp\htdocs\yii\framework\base\CModule.php(371): createComponent()
#2 C:\xampp\htdocs\yii\framework\base\CModule.php(86): CWebApplication->getComponent()
#3 C:\xampp\htdocs\aldy_toko_roti\themes\jumpforjoy\views\layouts\main.php(36): CWebApplication->__get()
#4 C:\xampp\htdocs\yii\framework\web\CBaseController.php(119): require()
#5 C:\xampp\htdocs\yii\framework\web\CBaseController.php(88): SiteController->renderInternal()
#6 C:\xampp\htdocs\yii\framework\web\widgets\CContentDecorator.php(78): SiteController->renderFile()
#7 C:\xampp\htdocs\yii\framework\web\widgets\CContentDecorator.php(56): CContentDecorator->decorate()
#8 C:\xampp\htdocs\yii\framework\web\widgets\COutputProcessor.php(45): CContentDecorator->processOutput()
#9 C:\xampp\htdocs\yii\framework\web\CBaseController.php(199): CContentDecorator->run()
#10 C:\xampp\htdocs\yii\framework\web\CBaseController.php(294): SiteController->endWidget()
#11 C:\xampp\htdocs\aldy_toko_roti\themes\jumpforjoy\views\layouts\column1.php(3): SiteController->endContent()
#12 C:\xampp\htdocs\yii\framework\web\CBaseController.php(119): require()
#13 C:\xampp\htdocs\yii\framework\web\CBaseController.php(88): SiteController->renderInternal()
#14 C:\xampp\htdocs\yii\framework\web\CController.php(781): SiteController->renderFile()
#15 C:\xampp\htdocs\aldy_toko_roti\protected\controllers\SiteController.php(92): SiteController->render()
#16 C:\xampp\htdocs\yii\framework\web\actions\CInlineAction.php(50): SiteController->actionLogin()
#17 C:\xampp\htdocs\yii\framework\web\CController.php(300): CInlineAction->runWithParams()
#18 C:\xampp\htdocs\yii\framework\web\CController.php(278): SiteController->runAction()
#19 C:\xampp\htdocs\yii\framework\web\CController.php(257): SiteController->runActionWithFilters()
#20 C:\xampp\htdocs\yii\framework\web\CWebApplication.php(277): SiteController->run()
#21 C:\xampp\htdocs\yii\framework\web\CWebApplication.php(136): CWebApplication->runController()
#22 C:\xampp\htdocs\yii\framework\base\CApplication.php(158): CWebApplication->processRequest()
#23 C:\xampp\htdocs\aldy_toko_roti\index.php(13): CWebApplication->run()
REQUEST_URI=/aldy_toko_roti/index.php?r=site/login
in C:\xampp\htdocs\aldy_toko_roti\themes\jumpforjoy\views\layouts\main.php (36)
in C:\xampp\htdocs\aldy_toko_roti\themes\jumpforjoy\views\layouts\column1.php (3)
in C:\xampp\htdocs\aldy_toko_roti\protected\controllers\SiteController.php (92)
2014/07/13 12:52:39 [error] [exception.CException] exception 'CException' with message 'Property "User.id" is not defined.' in C:\xampp\htdocs\yii\framework\base\CComponent.php:131
Stack trace:
#0 C:\xampp\htdocs\yii\framework\db\ar\CActiveRecord.php(129): CComponent->__get('id')
#1 C:\xampp\htdocs\aldy_toko_roti\protected\components\UserIdentity.php(21): CActiveRecord->__get('id')
#2 C:\xampp\htdocs\aldy_toko_roti\protected\models\LoginForm.php(52): UserIdentity->authenticate()
#3 C:\xampp\htdocs\yii\framework\validators\CInlineValidator.php(39): LoginForm->authenticate('password', Array)
#4 C:\xampp\htdocs\yii\framework\validators\CValidator.php(192): CInlineValidator->validateAttribute(Object(LoginForm), 'password')
#5 C:\xampp\htdocs\yii\framework\base\CModel.php(152): CValidator->validate(Object(LoginForm), NULL)
#6 C:\xampp\htdocs\aldy_toko_roti\protected\controllers\SiteController.php(88): CModel->validate()
#7 C:\xampp\htdocs\yii\framework\web\actions\CInlineAction.php(50): SiteController->actionLogin()
#8 C:\xampp\htdocs\yii\framework\web\CController.php(300): CInlineAction->runWithParams(Array)
#9 C:\xampp\htdocs\yii\framework\web\CController.php(278): CController->runAction(Object(CInlineAction))
#10 C:\xampp\htdocs\yii\framework\web\CController.php(257): CController->runActionWithFilters(Object(CInlineAction), Array)
#11 C:\xampp\htdocs\yii\framework\web\CWebApplication.php(277): CController->run('login')
#12 C:\xampp\htdocs\yii\framework\web\CWebApplication.php(136): CWebApplication->runController('site/login')
#13 C:\xampp\htdocs\yii\framework\base\CApplication.php(158): CWebApplication->processRequest()
#14 C:\xampp\htdocs\aldy_toko_roti\index.php(13): CApplication->run()
#15 {main} REQUEST_URI=/aldy_toko_roti/index.php?r=site/login
2014/07/13 13:12:23 [error] [exception.CException] exception 'CException' with message 'Property "User.Level_id" is not defined.' in C:\xampp\htdocs\yii\framework\base\CComponent.php:131
Stack trace:
#0 C:\xampp\htdocs\yii\framework\db\ar\CActiveRecord.php(129): CComponent->__get('Level_id')
#1 C:\xampp\htdocs\aldy_toko_roti\protected\components\WebUser.php(20): CActiveRecord->__get('Level_id')
#2 C:\xampp\htdocs\aldy_toko_roti\themes\jumpforjoy\views\layouts\main.php(3): WebUser->isAdmin()
#3 C:\xampp\htdocs\yii\framework\web\CBaseController.php(119): require('C:\xampp\htdocs...')
#4 C:\xampp\htdocs\yii\framework\web\CBaseController.php(88): CBaseController->renderInternal('C:\xampp\htdocs...', Array, true)
#5 C:\xampp\htdocs\yii\framework\web\widgets\CContentDecorator.php(78): CBaseController->renderFile('C:\xampp\htdocs...', Array, true)
#6 C:\xampp\htdocs\yii\framework\web\widgets\CContentDecorator.php(56): CContentDecorator->decorate('?    <div class...')
#7 C:\xampp\htdocs\yii\framework\web\widgets\COutputProcessor.php(45): CContentDecorator->processOutput('?    <div class...')
#8 C:\xampp\htdocs\yii\framework\web\CBaseController.php(199): COutputProcessor->run()
#9 C:\xampp\htdocs\yii\framework\web\CBaseController.php(294): CBaseController->endWidget('CContentDecorat...')
#10 C:\xampp\htdocs\aldy_toko_roti\themes\jumpforjoy\views\layouts\column1.php(3): CBaseController->endContent()
#11 C:\xampp\htdocs\yii\framework\web\CBaseController.php(119): require('C:\xampp\htdocs...')
#12 C:\xampp\htdocs\yii\framework\web\CBaseController.php(88): CBaseController->renderInternal('C:\xampp\htdocs...', Array, true)
#13 C:\xampp\htdocs\yii\framework\web\CController.php(781): CBaseController->renderFile('C:\xampp\htdocs...', Array, true)
#14 C:\xampp\htdocs\aldy_toko_roti\protected\controllers\SiteController.php(32): CController->render('index')
#15 C:\xampp\htdocs\yii\framework\web\actions\CInlineAction.php(50): SiteController->actionIndex()
#16 C:\xampp\htdocs\yii\framework\web\CController.php(300): CInlineAction->runWithParams(Array)
#17 C:\xampp\htdocs\yii\framework\web\CController.php(278): CController->runAction(Object(CInlineAction))
#18 C:\xampp\htdocs\yii\framework\web\CController.php(257): CController->runActionWithFilters(Object(CInlineAction), Array)
#19 C:\xampp\htdocs\yii\framework\web\CWebApplication.php(277): CController->run('')
#20 C:\xampp\htdocs\yii\framework\web\CWebApplication.php(136): CWebApplication->runController('')
#21 C:\xampp\htdocs\yii\framework\base\CApplication.php(158): CWebApplication->processRequest()
#22 C:\xampp\htdocs\aldy_toko_roti\index.php(13): CApplication->run()
#23 {main} REQUEST_URI=/aldy_toko_roti/index.php
